<?xml version="1.0" encoding="UTF-8"?>
<!-- Generated by org.testng.reporters.JUnitReportReporter -->
<testsuite hostname="DESKTOP-KKK9B93" name="com.todos.tests.AddTodoTest" tests="1" failures="0" timestamp="15 Sep 2020 19:30:17 GMT" time="51.785" errors="0">
  <testcase name="iCanAddTodo" time="51.785" classname="com.todos.tests.AddTodoTest"/>
</testsuite> <!-- com.todos.tests.AddTodoTest -->
